{"./src/js/util/random.js":{"path":"./src/js/util/random.js","s":{"1":1,"2":1,"3":3,"4":1,"5":2},"b":{"1":[1,2]},"f":{"1":1,"2":3},"fnMap":{"1":{"name":"(anonymous_1)","line":2,"loc":{"start":{"line":2,"column":1},"end":{"line":2,"column":17}}},"2":{"name":"(anonymous_2)","line":5,"loc":{"start":{"line":5,"column":23},"end":{"line":5,"column":36}}}},"statementMap":{"1":{"start":{"line":2,"column":0},"end":{"line":11,"column":9}},"2":{"start":{"line":5,"column":4},"end":{"line":10,"column":6}},"3":{"start":{"line":6,"column":8},"end":{"line":8,"column":9}},"4":{"start":{"line":7,"column":12},"end":{"line":7,"column":43}},"5":{"start":{"line":9,"column":8},"end":{"line":9,"column":45}}},"branchMap":{"1":{"line":6,"type":"if","locations":[{"start":{"line":6,"column":8},"end":{"line":6,"column":8}},{"start":{"line":6,"column":8},"end":{"line":6,"column":8}}]}}}}