<?xml version="1.0" ?>
<!DOCTYPE coverage SYSTEM "http://cobertura.sourceforge.net/xml/coverage-04.dtd">
<coverage lines-valid="5"  lines-covered="5"  line-rate="1"  branches-valid="2"  branches-covered="2"  branch-rate="1"  timestamp="1374568117069" complexity="0" version="0.1">
<sources>
	<source>/Users/erick.purino/__Projects/testem_jasmine</source>
</sources>
<packages>
	<package name="util"  line-rate="1"  branch-rate="1" >
	<classes>
		<class name="random.js"  filename="./src/js/util/random.js"  line-rate="1"  branch-rate="1" >
		<methods>
			<method name="(anonymous_1)"  hits="1"  signature="()V" >
				<lines><line number="2"  hits="1" /></lines>
			</method>
			<method name="(anonymous_2)"  hits="3"  signature="()V" >
				<lines><line number="5"  hits="3" /></lines>
			</method>
		</methods>
		<lines>
			<line number="2"  hits="1"  branch="false" />
			<line number="5"  hits="1"  branch="false" />
			<line number="6"  hits="3"  branch="true"  condition-coverage="100% (2/2)" />
			<line number="7"  hits="1"  branch="false" />
			<line number="9"  hits="2"  branch="false" />
		</lines>
		</class>
	</classes>
	</package>
</packages>
</coverage>
